<?xml version="1.0" encoding="UTF-8"?>
<testsuites name="Momotor_MotorBekas" time="65.713" tests="2" failures="1" errors="0">
   <testsuite name="Momotor_MotorBekas" tests="2" failures="1" errors="0" time="65.713" skipped="0" timestamp="2024-01-30 15:41:19" hostname="51205365 - NBLV19070339.adira.co.id" id="Test Suites/Momotor_MotorBekas">
      <properties>
         <property name="deviceName" value=""/>
         <property name="devicePlatform" value=""/>
         <property name="logFolder" value="C:\\Users\\51205365\\Katalon Studio\\TugasAkhirIntan\\TA-MOMOTOR\\Reports\\20240130_154114\\Momotor_MotorBekas\\20240130_154114"/>
         <property name="logFiles" value="C:\\Users\\51205365\\Katalon Studio\\TugasAkhirIntan\\TA-MOMOTOR\\Reports\\20240130_154114\\Momotor_MotorBekas\\20240130_154114\\execution0.log"/>
         <property name="attachments" value="C:\\Users\\51205365\\Katalon Studio\\TugasAkhirIntan\\TA-MOMOTOR\\Reports\\20240130_154114\\Momotor_MotorBekas\\20240130_154114\\1706604092748.png, C:\\Users\\51205365\\Katalon Studio\\TugasAkhirIntan\\TA-MOMOTOR\\Reports\\20240130_154114\\Momotor_MotorBekas\\20240130_154114\\1706604094851.png, C:\\Users\\51205365\\Katalon Studio\\TugasAkhirIntan\\TA-MOMOTOR\\Reports\\20240130_154114\\Momotor_MotorBekas\\20240130_154114\\1706604097405.png, C:\\Users\\51205365\\Katalon Studio\\TugasAkhirIntan\\TA-MOMOTOR\\Reports\\20240130_154114\\Momotor_MotorBekas\\20240130_154114\\1706604099712.png, C:\\Users\\51205365\\Katalon Studio\\TugasAkhirIntan\\TA-MOMOTOR\\Reports\\20240130_154114\\Momotor_MotorBekas\\20240130_154114\\1706604101380.png, C:\\Users\\51205365\\Katalon Studio\\TugasAkhirIntan\\TA-MOMOTOR\\Reports\\20240130_154114\\Momotor_MotorBekas\\20240130_154114\\1706604111804.png, C:\\Users\\51205365\\Katalon Studio\\TugasAkhirIntan\\TA-MOMOTOR\\Reports\\20240130_154114\\Momotor_MotorBekas\\20240130_154114\\1706604145235.png, C:\\Users\\51205365\\Katalon Studio\\TugasAkhirIntan\\TA-MOMOTOR\\Reports\\20240130_154114\\Momotor_MotorBekas\\20240130_154114\\1706604145387.png"/>
         <property name="hostName" value="51205365 - NBLV19070339.adira.co.id"/>
         <property name="os" value="Windows 10 64bit"/>
         <property name="katalonVersion" value="8.6.6.208"/>
         <property name="browser" value="Chrome 120.0.0.0"/>
         <property name="hostAddress" value="10.3.110.88"/>
         <property name="sessionId" value="7e551c383cda704c4c4c1d657403187a"/>
         <property name="seleniumVersion" value="3.141.59"/>
         <property name="proxyInformation" value="ProxyInformation { proxyOption=NO_PROXY, proxyServerType=HTTP, username=, password=********, proxyServerAddress=, proxyServerPort=0, executionList=&quot;&quot;, isApplyToDesiredCapabilities=true }"/>
         <property name="platform" value="Windows 10"/>
      </properties>
      <testcase name="Test Cases/Login/Login berhasil" time="21.445" classname="Test Cases/Login/Login berhasil" status="PASSED">
         <system-out><![CDATA[2024-01-30 15:41:20 - [TEST_CASE][PASSED] - Test Cases/Login/Login berhasil: Test Cases/Login/Login berhasil

2024-01-30 15:41:20 - [TEST_STEP][PASSED] - openBrowser(""): Browser is opened with url: ''

2024-01-30 15:41:21 - [MESSAGE][INFO] - Starting 'Chrome' driver

2024-01-30 15:41:21 - [MESSAGE][INFO] - Action delay is set to 0 milliseconds

2024-01-30 15:41:25 - [MESSAGE][PASSED] - Browser is opened with url: ''

2024-01-30 15:41:25 - [TEST_STEP][PASSED] - maximizeWindow(): Current window maximized

2024-01-30 15:41:25 - [MESSAGE][PASSED] - Current window maximized

2024-01-30 15:41:25 - [TEST_STEP][PASSED] - navigateToUrl("https://nextjs.momotor.id/"): Navigate to 'https://nextjs.momotor.id/' successfully

2024-01-30 15:41:32 - [MESSAGE][PASSED] - Navigate to 'https://nextjs.momotor.id/' successfully

2024-01-30 15:41:32 - [TEST_STEP][PASSED] - takeScreenshot(): Taking screenshot successfully

2024-01-30 15:41:33 - [MESSAGE][PASSED] - Taking screenshot successfully
[[ATTACHMENT|C:\\Users\\51205365\\Katalon Studio\\TugasAkhirIntan\\TA-MOMOTOR\\Reports\\20240130_154114\\Momotor_MotorBekas\\20240130_154114\\1706604092748.png]]

2024-01-30 15:41:33 - [TEST_STEP][PASSED] - verifyElementVisible(findTestObject("Login/button_MasukorDaftar"), STOP_ON_FAILURE): Object 'Object Repository/Login/button_MasukorDaftar' is visible

2024-01-30 15:41:33 - [MESSAGE][PASSED] - Object 'Object Repository/Login/button_MasukorDaftar' is visible

2024-01-30 15:41:33 - [TEST_STEP][PASSED] - click(findTestObject("Login/button_MasukorDaftar")): Object: 'Object Repository/Login/button_MasukorDaftar' is clicked on

2024-01-30 15:41:34 - [MESSAGE][PASSED] - Object: 'Object Repository/Login/button_MasukorDaftar' is clicked on

2024-01-30 15:41:34 - [TEST_STEP][PASSED] - takeScreenshot(): Taking screenshot successfully

2024-01-30 15:41:35 - [MESSAGE][PASSED] - Taking screenshot successfully
[[ATTACHMENT|C:\\Users\\51205365\\Katalon Studio\\TugasAkhirIntan\\TA-MOMOTOR\\Reports\\20240130_154114\\Momotor_MotorBekas\\20240130_154114\\1706604094851.png]]

2024-01-30 15:41:35 - [TEST_STEP][PASSED] - verifyElementVisible(findTestObject("Login/textbox_Username")): Object 'Object Repository/Login/textbox_Username' is visible

2024-01-30 15:41:35 - [MESSAGE][PASSED] - Object 'Object Repository/Login/textbox_Username' is visible

2024-01-30 15:41:35 - [TEST_STEP][PASSED] - setText(findTestObject("Login/textbox_Username"), "test"): Text 'test' is set on object 'Object Repository/Login/textbox_Username'

2024-01-30 15:41:36 - [MESSAGE][PASSED] - Text 'test' is set on object 'Object Repository/Login/textbox_Username'

2024-01-30 15:41:36 - [TEST_STEP][PASSED] - takeScreenshot(): Taking screenshot successfully

2024-01-30 15:41:37 - [MESSAGE][PASSED] - Taking screenshot successfully
[[ATTACHMENT|C:\\Users\\51205365\\Katalon Studio\\TugasAkhirIntan\\TA-MOMOTOR\\Reports\\20240130_154114\\Momotor_MotorBekas\\20240130_154114\\1706604097405.png]]

2024-01-30 15:41:37 - [TEST_STEP][PASSED] - verifyElementVisible(findTestObject("Login/textbox_Password")): Object 'Object Repository/Login/textbox_Password' is visible

2024-01-30 15:41:38 - [MESSAGE][PASSED] - Object 'Object Repository/Login/textbox_Password' is visible

2024-01-30 15:41:38 - [TEST_STEP][PASSED] - setText(findTestObject("Login/textbox_Password"), "12345"): Text '12345' is set on object 'Object Repository/Login/textbox_Password'

2024-01-30 15:41:39 - [MESSAGE][PASSED] - Text '12345' is set on object 'Object Repository/Login/textbox_Password'

2024-01-30 15:41:39 - [TEST_STEP][PASSED] - takeScreenshot(): Taking screenshot successfully

2024-01-30 15:41:39 - [MESSAGE][PASSED] - Taking screenshot successfully
[[ATTACHMENT|C:\\Users\\51205365\\Katalon Studio\\TugasAkhirIntan\\TA-MOMOTOR\\Reports\\20240130_154114\\Momotor_MotorBekas\\20240130_154114\\1706604099712.png]]

2024-01-30 15:41:39 - [TEST_STEP][PASSED] - verifyElementVisible(findTestObject("Login/button_Login")): Object 'Object Repository/Login/button_Login' is visible

2024-01-30 15:41:40 - [MESSAGE][PASSED] - Object 'Object Repository/Login/button_Login' is visible

2024-01-30 15:41:40 - [TEST_STEP][PASSED] - click(findTestObject("Login/button_Login"), STOP_ON_FAILURE): Object: 'Object Repository/Login/button_Login' is clicked on

2024-01-30 15:41:40 - [MESSAGE][PASSED] - Object: 'Object Repository/Login/button_Login' is clicked on

2024-01-30 15:41:40 - [TEST_STEP][PASSED] - takeScreenshot(): Taking screenshot successfully

2024-01-30 15:41:41 - [MESSAGE][PASSED] - Taking screenshot successfully
[[ATTACHMENT|C:\\Users\\51205365\\Katalon Studio\\TugasAkhirIntan\\TA-MOMOTOR\\Reports\\20240130_154114\\Momotor_MotorBekas\\20240130_154114\\1706604101380.png]]]]></system-out>
         <system-err><![CDATA[]]></system-err>
      </testcase>
      <testcase name="Test Cases/Motor Bekas/Motor Bekas" time="43.851" classname="Test Cases/Motor Bekas/Motor Bekas" status="FAILED">
         <failure type="FAILED" message="Test Cases/Motor Bekas/Motor Bekas FAILED.
Reason:
com.kms.katalon.core.exception.StepFailedException: Unable to verify object 'Object Repository/Motor Bekas/label_MotorBekas' is visible
	at com.kms.katalon.core.webui.keyword.internal.WebUIKeywordMain.stepFailed(WebUIKeywordMain.groovy:64)
	at com.kms.katalon.core.webui.keyword.internal.WebUIKeywordMain.runKeyword(WebUIKeywordMain.groovy:26)
	at com.kms.katalon.core.webui.keyword.builtin.VerifyElementVisibleKeyword.verifyElementVisible(VerifyElementVisibleKeyword.groovy:97)
	at com.kms.katalon.core.webui.keyword.builtin.VerifyElementVisibleKeyword.execute(VerifyElementVisibleKeyword.groovy:67)
	at com.kms.katalon.core.keyword.internal.KeywordExecutor.executeKeywordForPlatform(KeywordExecutor.groovy:74)
	at com.kms.katalon.core.webui.keyword.WebUiBuiltInKeywords.verifyElementVisible(WebUiBuiltInKeywords.groovy:376)
	at com.kms.katalon.core.webui.keyword.WebUiBuiltInKeywords$verifyElementVisible$5.call(Unknown Source)
	at Motor Bekas.run(Motor Bekas:34)
	at com.kms.katalon.core.main.ScriptEngine.run(ScriptEngine.java:194)
	at com.kms.katalon.core.main.ScriptEngine.runScriptAsRawText(ScriptEngine.java:119)
	at com.kms.katalon.core.main.TestCaseExecutor.runScript(TestCaseExecutor.java:448)
	at com.kms.katalon.core.main.TestCaseExecutor.doExecute(TestCaseExecutor.java:439)
	at com.kms.katalon.core.main.TestCaseExecutor.processExecutionPhase(TestCaseExecutor.java:418)
	at com.kms.katalon.core.main.TestCaseExecutor.accessMainPhase(TestCaseExecutor.java:410)
	at com.kms.katalon.core.main.TestCaseExecutor.execute(TestCaseExecutor.java:285)
	at com.kms.katalon.core.common.CommonExecutor.accessTestCaseMainPhase(CommonExecutor.java:65)
	at com.kms.katalon.core.main.TestSuiteExecutor.accessTestSuiteMainPhase(TestSuiteExecutor.java:148)
	at com.kms.katalon.core.main.TestSuiteExecutor.execute(TestSuiteExecutor.java:106)
	at com.kms.katalon.core.main.TestCaseMain.startTestSuite(TestCaseMain.java:187)
	at com.kms.katalon.core.main.TestCaseMain$startTestSuite$0.call(Unknown Source)
	at TempTestSuite1706604074611.run(TempTestSuite1706604074611.groovy:36)
Caused by: com.kms.katalon.core.exception.StepFailedException: Web element with id: 'Object Repository/Motor Bekas/label_MotorBekas' located by '//*[@id=&quot;textMotorLama&quot;]' not found
	at com.kms.katalon.core.webui.keyword.internal.WebUIKeywordMain.stepFailed(WebUIKeywordMain.groovy:64)
	at com.kms.katalon.core.webui.keyword.builtin.VerifyElementVisibleKeyword$_verifyElementVisible_closure1.doCall(VerifyElementVisibleKeyword.groovy:89)
	at com.kms.katalon.core.webui.keyword.builtin.VerifyElementVisibleKeyword$_verifyElementVisible_closure1.call(VerifyElementVisibleKeyword.groovy)
	at com.kms.katalon.core.webui.keyword.internal.WebUIKeywordMain.runKeyword(WebUIKeywordMain.groovy:20)
	... 19 more
"/>
         <system-out><![CDATA[2024-01-30 15:41:41 - [TEST_CASE][FAILED] - Test Cases/Motor Bekas/Motor Bekas: Test Cases/Motor Bekas/Motor Bekas FAILED.
Reason:
com.kms.katalon.core.exception.StepFailedException: Unable to verify object 'Object Repository/Motor Bekas/label_MotorBekas' is visible
	at com.kms.katalon.core.webui.keyword.internal.WebUIKeywordMain.stepFailed(WebUIKeywordMain.groovy:64)
	at com.kms.katalon.core.webui.keyword.internal.WebUIKeywordMain.runKeyword(WebUIKeywordMain.groovy:26)
	at com.kms.katalon.core.webui.keyword.builtin.VerifyElementVisibleKeyword.verifyElementVisible(VerifyElementVisibleKeyword.groovy:97)
	at com.kms.katalon.core.webui.keyword.builtin.VerifyElementVisibleKeyword.execute(VerifyElementVisibleKeyword.groovy:67)
	at com.kms.katalon.core.keyword.internal.KeywordExecutor.executeKeywordForPlatform(KeywordExecutor.groovy:74)
	at com.kms.katalon.core.webui.keyword.WebUiBuiltInKeywords.verifyElementVisible(WebUiBuiltInKeywords.groovy:376)
	at com.kms.katalon.core.webui.keyword.WebUiBuiltInKeywords$verifyElementVisible$5.call(Unknown Source)
	at Motor Bekas.run(Motor Bekas:34)
	at com.kms.katalon.core.main.ScriptEngine.run(ScriptEngine.java:194)
	at com.kms.katalon.core.main.ScriptEngine.runScriptAsRawText(ScriptEngine.java:119)
	at com.kms.katalon.core.main.TestCaseExecutor.runScript(TestCaseExecutor.java:448)
	at com.kms.katalon.core.main.TestCaseExecutor.doExecute(TestCaseExecutor.java:439)
	at com.kms.katalon.core.main.TestCaseExecutor.processExecutionPhase(TestCaseExecutor.java:418)
	at com.kms.katalon.core.main.TestCaseExecutor.accessMainPhase(TestCaseExecutor.java:410)
	at com.kms.katalon.core.main.TestCaseExecutor.execute(TestCaseExecutor.java:285)
	at com.kms.katalon.core.common.CommonExecutor.accessTestCaseMainPhase(CommonExecutor.java:65)
	at com.kms.katalon.core.main.TestSuiteExecutor.accessTestSuiteMainPhase(TestSuiteExecutor.java:148)
	at com.kms.katalon.core.main.TestSuiteExecutor.execute(TestSuiteExecutor.java:106)
	at com.kms.katalon.core.main.TestCaseMain.startTestSuite(TestCaseMain.java:187)
	at com.kms.katalon.core.main.TestCaseMain$startTestSuite$0.call(Unknown Source)
	at TempTestSuite1706604074611.run(TempTestSuite1706604074611.groovy:36)
Caused by: com.kms.katalon.core.exception.StepFailedException: Web element with id: 'Object Repository/Motor Bekas/label_MotorBekas' located by '//*[@id="textMotorLama"]' not found
	at com.kms.katalon.core.webui.keyword.internal.WebUIKeywordMain.stepFailed(WebUIKeywordMain.groovy:64)
	at com.kms.katalon.core.webui.keyword.builtin.VerifyElementVisibleKeyword$_verifyElementVisible_closure1.doCall(VerifyElementVisibleKeyword.groovy:89)
	at com.kms.katalon.core.webui.keyword.builtin.VerifyElementVisibleKeyword$_verifyElementVisible_closure1.call(VerifyElementVisibleKeyword.groovy)
	at com.kms.katalon.core.webui.keyword.internal.WebUIKeywordMain.runKeyword(WebUIKeywordMain.groovy:20)
	... 19 more


2024-01-30 15:41:42 - [TEST_STEP][PASSED] - openBrowser(""): Browser is opened with url: ''

2024-01-30 15:41:42 - [MESSAGE][WARNING] - A browser is already opened. Closing browser and opening a new one

2024-01-30 15:41:43 - [MESSAGE][INFO] - Starting 'Chrome' driver

2024-01-30 15:41:43 - [MESSAGE][INFO] - Action delay is set to 0 milliseconds

2024-01-30 15:41:45 - [MESSAGE][PASSED] - Browser is opened with url: ''

2024-01-30 15:41:45 - [TEST_STEP][PASSED] - maximizeWindow(): Current window maximized

2024-01-30 15:41:45 - [MESSAGE][PASSED] - Current window maximized

2024-01-30 15:41:45 - [TEST_STEP][PASSED] - navigateToUrl(nextjs): Navigate to 'https://nextjs.momotor.id/' successfully

2024-01-30 15:41:46 - [MESSAGE][PASSED] - Navigate to 'https://nextjs.momotor.id/' successfully

2024-01-30 15:41:46 - [TEST_STEP][PASSED] - takeScreenshot(): Taking screenshot successfully

2024-01-30 15:41:52 - [MESSAGE][PASSED] - Taking screenshot successfully
[[ATTACHMENT|C:\\Users\\51205365\\Katalon Studio\\TugasAkhirIntan\\TA-MOMOTOR\\Reports\\20240130_154114\\Momotor_MotorBekas\\20240130_154114\\1706604111804.png]]

2024-01-30 15:41:52 - [TEST_STEP][PASSED] - verifyElementVisible(findTestObject("Motor Bekas/button_MotorBekas")): Object 'Object Repository/Motor Bekas/button_MotorBekas' is visible

2024-01-30 15:41:53 - [MESSAGE][PASSED] - Object 'Object Repository/Motor Bekas/button_MotorBekas' is visible

2024-01-30 15:41:53 - [TEST_STEP][PASSED] - verifyElementClickable(findTestObject("Motor Bekas/button_MotorBekas")): Object 'Object Repository/Motor Bekas/button_MotorBekas' is clickable

2024-01-30 15:41:53 - [MESSAGE][PASSED] - Object 'Object Repository/Motor Bekas/button_MotorBekas' is clickable

2024-01-30 15:41:53 - [TEST_STEP][PASSED] - click(findTestObject("Motor Bekas/button_MotorBekas")): Object: 'Object Repository/Motor Bekas/button_MotorBekas' is clicked on

2024-01-30 15:41:54 - [MESSAGE][PASSED] - Object: 'Object Repository/Motor Bekas/button_MotorBekas' is clicked on

2024-01-30 15:41:54 - [TEST_STEP][FAILED] - verifyElementVisible(findTestObject("Motor Bekas/label_MotorBekas")): Unable to verify object 'Object Repository/Motor Bekas/label_MotorBekas' is visible (Root cause: com.kms.katalon.core.exception.StepFailedException: Unable to verify object 'Object Repository/Motor Bekas/label_MotorBekas' is visible
	at com.kms.katalon.core.webui.keyword.internal.WebUIKeywordMain.stepFailed(WebUIKeywordMain.groovy:64)
	at com.kms.katalon.core.webui.keyword.internal.WebUIKeywordMain.runKeyword(WebUIKeywordMain.groovy:26)
	at com.kms.katalon.core.webui.keyword.builtin.VerifyElementVisibleKeyword.verifyElementVisible(VerifyElementVisibleKeyword.groovy:97)
	at com.kms.katalon.core.webui.keyword.builtin.VerifyElementVisibleKeyword.execute(VerifyElementVisibleKeyword.groovy:67)
	at com.kms.katalon.core.keyword.internal.KeywordExecutor.executeKeywordForPlatform(KeywordExecutor.groovy:74)
	at com.kms.katalon.core.webui.keyword.WebUiBuiltInKeywords.verifyElementVisible(WebUiBuiltInKeywords.groovy:376)
	at com.kms.katalon.core.webui.keyword.WebUiBuiltInKeywords$verifyElementVisible$5.call(Unknown Source)
	at Motor Bekas.run(Motor Bekas:34)
	at com.kms.katalon.core.main.ScriptEngine.run(ScriptEngine.java:194)
	at com.kms.katalon.core.main.ScriptEngine.runScriptAsRawText(ScriptEngine.java:119)
	at com.kms.katalon.core.main.TestCaseExecutor.runScript(TestCaseExecutor.java:448)
	at com.kms.katalon.core.main.TestCaseExecutor.doExecute(TestCaseExecutor.java:439)
	at com.kms.katalon.core.main.TestCaseExecutor.processExecutionPhase(TestCaseExecutor.java:418)
	at com.kms.katalon.core.main.TestCaseExecutor.accessMainPhase(TestCaseExecutor.java:410)
	at com.kms.katalon.core.main.TestCaseExecutor.execute(TestCaseExecutor.java:285)
	at com.kms.katalon.core.common.CommonExecutor.accessTestCaseMainPhase(CommonExecutor.java:65)
	at com.kms.katalon.core.main.TestSuiteExecutor.accessTestSuiteMainPhase(TestSuiteExecutor.java:148)
	at com.kms.katalon.core.main.TestSuiteExecutor.execute(TestSuiteExecutor.java:106)
	at com.kms.katalon.core.main.TestCaseMain.startTestSuite(TestCaseMain.java:187)
	at com.kms.katalon.core.main.TestCaseMain$startTestSuite$0.call(Unknown Source)
	at TempTestSuite1706604074611.run(TempTestSuite1706604074611.groovy:36)
Caused by: com.kms.katalon.core.exception.StepFailedException: Web element with id: 'Object Repository/Motor Bekas/label_MotorBekas' located by '//*[@id="textMotorLama"]' not found
	at com.kms.katalon.core.webui.keyword.internal.WebUIKeywordMain.stepFailed(WebUIKeywordMain.groovy:64)
	at com.kms.katalon.core.webui.keyword.builtin.VerifyElementVisibleKeyword$_verifyElementVisible_closure1.doCall(VerifyElementVisibleKeyword.groovy:89)
	at com.kms.katalon.core.webui.keyword.builtin.VerifyElementVisibleKeyword$_verifyElementVisible_closure1.call(VerifyElementVisibleKeyword.groovy)
	at com.kms.katalon.core.webui.keyword.internal.WebUIKeywordMain.runKeyword(WebUIKeywordMain.groovy:20)
	... 19 more
)

2024-01-30 15:42:25 - [MESSAGE][INFO] - Unable to find the element located by 'By.xpath: //*[@id="textMotorLama"]'. Please recheck the objects properties to make sure the desired element is located. 

2024-01-30 15:42:25 - [MESSAGE][FAILED] - Web element with id: 'Object Repository/Motor Bekas/label_MotorBekas' located by '//*[@id="textMotorLama"]' not found (Root cause: com.kms.katalon.core.exception.StepFailedException: Web element with id: 'Object Repository/Motor Bekas/label_MotorBekas' located by '//*[@id="textMotorLama"]' not found
	at com.kms.katalon.core.webui.keyword.internal.WebUIKeywordMain.stepFailed(WebUIKeywordMain.groovy:64)
	at com.kms.katalon.core.webui.keyword.builtin.VerifyElementVisibleKeyword$_verifyElementVisible_closure1.doCall(VerifyElementVisibleKeyword.groovy:89)
	at com.kms.katalon.core.webui.keyword.builtin.VerifyElementVisibleKeyword$_verifyElementVisible_closure1.call(VerifyElementVisibleKeyword.groovy)
	at com.kms.katalon.core.webui.keyword.internal.WebUIKeywordMain.runKeyword(WebUIKeywordMain.groovy:20)
	at com.kms.katalon.core.webui.keyword.builtin.VerifyElementVisibleKeyword.verifyElementVisible(VerifyElementVisibleKeyword.groovy:97)
	at com.kms.katalon.core.webui.keyword.builtin.VerifyElementVisibleKeyword.execute(VerifyElementVisibleKeyword.groovy:67)
	at com.kms.katalon.core.keyword.internal.KeywordExecutor.executeKeywordForPlatform(KeywordExecutor.groovy:74)
	at com.kms.katalon.core.webui.keyword.WebUiBuiltInKeywords.verifyElementVisible(WebUiBuiltInKeywords.groovy:376)
	at com.kms.katalon.core.webui.keyword.WebUiBuiltInKeywords$verifyElementVisible$5.call(Unknown Source)
	at Motor Bekas.run(Motor Bekas:34)
	at com.kms.katalon.core.main.ScriptEngine.run(ScriptEngine.java:194)
	at com.kms.katalon.core.main.ScriptEngine.runScriptAsRawText(ScriptEngine.java:119)
	at com.kms.katalon.core.main.TestCaseExecutor.runScript(TestCaseExecutor.java:448)
	at com.kms.katalon.core.main.TestCaseExecutor.doExecute(TestCaseExecutor.java:439)
	at com.kms.katalon.core.main.TestCaseExecutor.processExecutionPhase(TestCaseExecutor.java:418)
	at com.kms.katalon.core.main.TestCaseExecutor.accessMainPhase(TestCaseExecutor.java:410)
	at com.kms.katalon.core.main.TestCaseExecutor.execute(TestCaseExecutor.java:285)
	at com.kms.katalon.core.common.CommonExecutor.accessTestCaseMainPhase(CommonExecutor.java:65)
	at com.kms.katalon.core.main.TestSuiteExecutor.accessTestSuiteMainPhase(TestSuiteExecutor.java:148)
	at com.kms.katalon.core.main.TestSuiteExecutor.execute(TestSuiteExecutor.java:106)
	at com.kms.katalon.core.main.TestCaseMain.startTestSuite(TestCaseMain.java:187)
	at com.kms.katalon.core.main.TestCaseMain$startTestSuite$0.call(Unknown Source)
	at TempTestSuite1706604074611.run(TempTestSuite1706604074611.groovy:36)
)
[[ATTACHMENT|C:\\Users\\51205365\\Katalon Studio\\TugasAkhirIntan\\TA-MOMOTOR\\Reports\\20240130_154114\\Momotor_MotorBekas\\20240130_154114\\1706604145235.png]]

2024-01-30 15:42:25 - [MESSAGE][FAILED] - Unable to verify object 'Object Repository/Motor Bekas/label_MotorBekas' is visible (Root cause: com.kms.katalon.core.exception.StepFailedException: Unable to verify object 'Object Repository/Motor Bekas/label_MotorBekas' is visible
	at com.kms.katalon.core.webui.keyword.internal.WebUIKeywordMain.stepFailed(WebUIKeywordMain.groovy:64)
	at com.kms.katalon.core.webui.keyword.internal.WebUIKeywordMain.runKeyword(WebUIKeywordMain.groovy:26)
	at com.kms.katalon.core.webui.keyword.builtin.VerifyElementVisibleKeyword.verifyElementVisible(VerifyElementVisibleKeyword.groovy:97)
	at com.kms.katalon.core.webui.keyword.builtin.VerifyElementVisibleKeyword.execute(VerifyElementVisibleKeyword.groovy:67)
	at com.kms.katalon.core.keyword.internal.KeywordExecutor.executeKeywordForPlatform(KeywordExecutor.groovy:74)
	at com.kms.katalon.core.webui.keyword.WebUiBuiltInKeywords.verifyElementVisible(WebUiBuiltInKeywords.groovy:376)
	at com.kms.katalon.core.webui.keyword.WebUiBuiltInKeywords$verifyElementVisible$5.call(Unknown Source)
	at Motor Bekas.run(Motor Bekas:34)
	at com.kms.katalon.core.main.ScriptEngine.run(ScriptEngine.java:194)
	at com.kms.katalon.core.main.ScriptEngine.runScriptAsRawText(ScriptEngine.java:119)
	at com.kms.katalon.core.main.TestCaseExecutor.runScript(TestCaseExecutor.java:448)
	at com.kms.katalon.core.main.TestCaseExecutor.doExecute(TestCaseExecutor.java:439)
	at com.kms.katalon.core.main.TestCaseExecutor.processExecutionPhase(TestCaseExecutor.java:418)
	at com.kms.katalon.core.main.TestCaseExecutor.accessMainPhase(TestCaseExecutor.java:410)
	at com.kms.katalon.core.main.TestCaseExecutor.execute(TestCaseExecutor.java:285)
	at com.kms.katalon.core.common.CommonExecutor.accessTestCaseMainPhase(CommonExecutor.java:65)
	at com.kms.katalon.core.main.TestSuiteExecutor.accessTestSuiteMainPhase(TestSuiteExecutor.java:148)
	at com.kms.katalon.core.main.TestSuiteExecutor.execute(TestSuiteExecutor.java:106)
	at com.kms.katalon.core.main.TestCaseMain.startTestSuite(TestCaseMain.java:187)
	at com.kms.katalon.core.main.TestCaseMain$startTestSuite$0.call(Unknown Source)
	at TempTestSuite1706604074611.run(TempTestSuite1706604074611.groovy:36)
Caused by: com.kms.katalon.core.exception.StepFailedException: Web element with id: 'Object Repository/Motor Bekas/label_MotorBekas' located by '//*[@id="textMotorLama"]' not found
	at com.kms.katalon.core.webui.keyword.internal.WebUIKeywordMain.stepFailed(WebUIKeywordMain.groovy:64)
	at com.kms.katalon.core.webui.keyword.builtin.VerifyElementVisibleKeyword$_verifyElementVisible_closure1.doCall(VerifyElementVisibleKeyword.groovy:89)
	at com.kms.katalon.core.webui.keyword.builtin.VerifyElementVisibleKeyword$_verifyElementVisible_closure1.call(VerifyElementVisibleKeyword.groovy)
	at com.kms.katalon.core.webui.keyword.internal.WebUIKeywordMain.runKeyword(WebUIKeywordMain.groovy:20)
	... 19 more
)
[[ATTACHMENT|C:\\Users\\51205365\\Katalon Studio\\TugasAkhirIntan\\TA-MOMOTOR\\Reports\\20240130_154114\\Momotor_MotorBekas\\20240130_154114\\1706604145387.png]]]]></system-out>
         <system-err><![CDATA[2024-01-30 15:41:41 - [TEST_CASE][FAILED] - Test Cases/Motor Bekas/Motor Bekas: Test Cases/Motor Bekas/Motor Bekas FAILED.
Reason:
com.kms.katalon.core.exception.StepFailedException: Unable to verify object 'Object Repository/Motor Bekas/label_MotorBekas' is visible
	at com.kms.katalon.core.webui.keyword.internal.WebUIKeywordMain.stepFailed(WebUIKeywordMain.groovy:64)
	at com.kms.katalon.core.webui.keyword.internal.WebUIKeywordMain.runKeyword(WebUIKeywordMain.groovy:26)
	at com.kms.katalon.core.webui.keyword.builtin.VerifyElementVisibleKeyword.verifyElementVisible(VerifyElementVisibleKeyword.groovy:97)
	at com.kms.katalon.core.webui.keyword.builtin.VerifyElementVisibleKeyword.execute(VerifyElementVisibleKeyword.groovy:67)
	at com.kms.katalon.core.keyword.internal.KeywordExecutor.executeKeywordForPlatform(KeywordExecutor.groovy:74)
	at com.kms.katalon.core.webui.keyword.WebUiBuiltInKeywords.verifyElementVisible(WebUiBuiltInKeywords.groovy:376)
	at com.kms.katalon.core.webui.keyword.WebUiBuiltInKeywords$verifyElementVisible$5.call(Unknown Source)
	at Motor Bekas.run(Motor Bekas:34)
	at com.kms.katalon.core.main.ScriptEngine.run(ScriptEngine.java:194)
	at com.kms.katalon.core.main.ScriptEngine.runScriptAsRawText(ScriptEngine.java:119)
	at com.kms.katalon.core.main.TestCaseExecutor.runScript(TestCaseExecutor.java:448)
	at com.kms.katalon.core.main.TestCaseExecutor.doExecute(TestCaseExecutor.java:439)
	at com.kms.katalon.core.main.TestCaseExecutor.processExecutionPhase(TestCaseExecutor.java:418)
	at com.kms.katalon.core.main.TestCaseExecutor.accessMainPhase(TestCaseExecutor.java:410)
	at com.kms.katalon.core.main.TestCaseExecutor.execute(TestCaseExecutor.java:285)
	at com.kms.katalon.core.common.CommonExecutor.accessTestCaseMainPhase(CommonExecutor.java:65)
	at com.kms.katalon.core.main.TestSuiteExecutor.accessTestSuiteMainPhase(TestSuiteExecutor.java:148)
	at com.kms.katalon.core.main.TestSuiteExecutor.execute(TestSuiteExecutor.java:106)
	at com.kms.katalon.core.main.TestCaseMain.startTestSuite(TestCaseMain.java:187)
	at com.kms.katalon.core.main.TestCaseMain$startTestSuite$0.call(Unknown Source)
	at TempTestSuite1706604074611.run(TempTestSuite1706604074611.groovy:36)
Caused by: com.kms.katalon.core.exception.StepFailedException: Web element with id: 'Object Repository/Motor Bekas/label_MotorBekas' located by '//*[@id="textMotorLama"]' not found
	at com.kms.katalon.core.webui.keyword.internal.WebUIKeywordMain.stepFailed(WebUIKeywordMain.groovy:64)
	at com.kms.katalon.core.webui.keyword.builtin.VerifyElementVisibleKeyword$_verifyElementVisible_closure1.doCall(VerifyElementVisibleKeyword.groovy:89)
	at com.kms.katalon.core.webui.keyword.builtin.VerifyElementVisibleKeyword$_verifyElementVisible_closure1.call(VerifyElementVisibleKeyword.groovy)
	at com.kms.katalon.core.webui.keyword.internal.WebUIKeywordMain.runKeyword(WebUIKeywordMain.groovy:20)
	... 19 more]]></system-err>
      </testcase>
      <system-out><![CDATA[2024-01-30 15:41:19 - [TEST_SUITE][FAILED] - Momotor_MotorBekas: Test Cases/Motor Bekas/Motor Bekas FAILED.
Reason:
com.kms.katalon.core.exception.StepFailedException: Unable to verify object 'Object Repository/Motor Bekas/label_MotorBekas' is visible
	at com.kms.katalon.core.webui.keyword.internal.WebUIKeywordMain.stepFailed(WebUIKeywordMain.groovy:64)
	at com.kms.katalon.core.webui.keyword.internal.WebUIKeywordMain.runKeyword(WebUIKeywordMain.groovy:26)
	at com.kms.katalon.core.webui.keyword.builtin.VerifyElementVisibleKeyword.verifyElementVisible(VerifyElementVisibleKeyword.groovy:97)
	at com.kms.katalon.core.webui.keyword.builtin.VerifyElementVisibleKeyword.execute(VerifyElementVisibleKeyword.groovy:67)
	at com.kms.katalon.core.keyword.internal.KeywordExecutor.executeKeywordForPlatform(KeywordExecutor.groovy:74)
	at com.kms.katalon.core.webui.keyword.WebUiBuiltInKeywords.verifyElementVisible(WebUiBuiltInKeywords.groovy:376)
	at com.kms.katalon.core.webui.keyword.WebUiBuiltInKeywords$verifyElementVisible$5.call(Unknown Source)
	at Motor Bekas.run(Motor Bekas:34)
	at com.kms.katalon.core.main.ScriptEngine.run(ScriptEngine.java:194)
	at com.kms.katalon.core.main.ScriptEngine.runScriptAsRawText(ScriptEngine.java:119)
	at com.kms.katalon.core.main.TestCaseExecutor.runScript(TestCaseExecutor.java:448)
	at com.kms.katalon.core.main.TestCaseExecutor.doExecute(TestCaseExecutor.java:439)
	at com.kms.katalon.core.main.TestCaseExecutor.processExecutionPhase(TestCaseExecutor.java:418)
	at com.kms.katalon.core.main.TestCaseExecutor.accessMainPhase(TestCaseExecutor.java:410)
	at com.kms.katalon.core.main.TestCaseExecutor.execute(TestCaseExecutor.java:285)
	at com.kms.katalon.core.common.CommonExecutor.accessTestCaseMainPhase(CommonExecutor.java:65)
	at com.kms.katalon.core.main.TestSuiteExecutor.accessTestSuiteMainPhase(TestSuiteExecutor.java:148)
	at com.kms.katalon.core.main.TestSuiteExecutor.execute(TestSuiteExecutor.java:106)
	at com.kms.katalon.core.main.TestCaseMain.startTestSuite(TestCaseMain.java:187)
	at com.kms.katalon.core.main.TestCaseMain$startTestSuite$0.call(Unknown Source)
	at TempTestSuite1706604074611.run(TempTestSuite1706604074611.groovy:36)
Caused by: com.kms.katalon.core.exception.StepFailedException: Web element with id: 'Object Repository/Motor Bekas/label_MotorBekas' located by '//*[@id="textMotorLama"]' not found
	at com.kms.katalon.core.webui.keyword.internal.WebUIKeywordMain.stepFailed(WebUIKeywordMain.groovy:64)
	at com.kms.katalon.core.webui.keyword.builtin.VerifyElementVisibleKeyword$_verifyElementVisible_closure1.doCall(VerifyElementVisibleKeyword.groovy:89)
	at com.kms.katalon.core.webui.keyword.builtin.VerifyElementVisibleKeyword$_verifyElementVisible_closure1.call(VerifyElementVisibleKeyword.groovy)
	at com.kms.katalon.core.webui.keyword.internal.WebUIKeywordMain.runKeyword(WebUIKeywordMain.groovy:20)
	... 19 more]]></system-out>
      <system-err><![CDATA[2024-01-30 15:41:19 - [TEST_SUITE][FAILED] - Momotor_MotorBekas: Test Cases/Motor Bekas/Motor Bekas FAILED.
Reason:
com.kms.katalon.core.exception.StepFailedException: Unable to verify object 'Object Repository/Motor Bekas/label_MotorBekas' is visible
	at com.kms.katalon.core.webui.keyword.internal.WebUIKeywordMain.stepFailed(WebUIKeywordMain.groovy:64)
	at com.kms.katalon.core.webui.keyword.internal.WebUIKeywordMain.runKeyword(WebUIKeywordMain.groovy:26)
	at com.kms.katalon.core.webui.keyword.builtin.VerifyElementVisibleKeyword.verifyElementVisible(VerifyElementVisibleKeyword.groovy:97)
	at com.kms.katalon.core.webui.keyword.builtin.VerifyElementVisibleKeyword.execute(VerifyElementVisibleKeyword.groovy:67)
	at com.kms.katalon.core.keyword.internal.KeywordExecutor.executeKeywordForPlatform(KeywordExecutor.groovy:74)
	at com.kms.katalon.core.webui.keyword.WebUiBuiltInKeywords.verifyElementVisible(WebUiBuiltInKeywords.groovy:376)
	at com.kms.katalon.core.webui.keyword.WebUiBuiltInKeywords$verifyElementVisible$5.call(Unknown Source)
	at Motor Bekas.run(Motor Bekas:34)
	at com.kms.katalon.core.main.ScriptEngine.run(ScriptEngine.java:194)
	at com.kms.katalon.core.main.ScriptEngine.runScriptAsRawText(ScriptEngine.java:119)
	at com.kms.katalon.core.main.TestCaseExecutor.runScript(TestCaseExecutor.java:448)
	at com.kms.katalon.core.main.TestCaseExecutor.doExecute(TestCaseExecutor.java:439)
	at com.kms.katalon.core.main.TestCaseExecutor.processExecutionPhase(TestCaseExecutor.java:418)
	at com.kms.katalon.core.main.TestCaseExecutor.accessMainPhase(TestCaseExecutor.java:410)
	at com.kms.katalon.core.main.TestCaseExecutor.execute(TestCaseExecutor.java:285)
	at com.kms.katalon.core.common.CommonExecutor.accessTestCaseMainPhase(CommonExecutor.java:65)
	at com.kms.katalon.core.main.TestSuiteExecutor.accessTestSuiteMainPhase(TestSuiteExecutor.java:148)
	at com.kms.katalon.core.main.TestSuiteExecutor.execute(TestSuiteExecutor.java:106)
	at com.kms.katalon.core.main.TestCaseMain.startTestSuite(TestCaseMain.java:187)
	at com.kms.katalon.core.main.TestCaseMain$startTestSuite$0.call(Unknown Source)
	at TempTestSuite1706604074611.run(TempTestSuite1706604074611.groovy:36)
Caused by: com.kms.katalon.core.exception.StepFailedException: Web element with id: 'Object Repository/Motor Bekas/label_MotorBekas' located by '//*[@id="textMotorLama"]' not found
	at com.kms.katalon.core.webui.keyword.internal.WebUIKeywordMain.stepFailed(WebUIKeywordMain.groovy:64)
	at com.kms.katalon.core.webui.keyword.builtin.VerifyElementVisibleKeyword$_verifyElementVisible_closure1.doCall(VerifyElementVisibleKeyword.groovy:89)
	at com.kms.katalon.core.webui.keyword.builtin.VerifyElementVisibleKeyword$_verifyElementVisible_closure1.call(VerifyElementVisibleKeyword.groovy)
	at com.kms.katalon.core.webui.keyword.internal.WebUIKeywordMain.runKeyword(WebUIKeywordMain.groovy:20)
	... 19 more]]></system-err>
   </testsuite>
</testsuites>
